[INFO  - 2017-09-13T14:47:44.441Z] GhostDriver - Main - running on port 54340
[INFO  - 2017-09-13T14:47:47.651Z] Session [82466c70-9892-11e7-bb22-0768b8b9cb56] - page.settings - {"XSSAuditingEnabled":false,"javascriptCanCloseWindows":true,"javascriptCanOpenWindows":true,"javascriptEnabled":true,"loadImages":false,"localToRemoteUrlAccessEnabled":false,"userAgent":"Mozilla/5.0 (Windows NT 6.2; WOW64) AppleWebKit/538.1 (KHTML, like Gecko) PhantomJS/2.1.1 Safari/538.1","webSecurityEnabled":true}
[INFO  - 2017-09-13T14:47:47.651Z] Session [82466c70-9892-11e7-bb22-0768b8b9cb56] - page.customHeaders:  - {}
[INFO  - 2017-09-13T14:47:47.651Z] Session [82466c70-9892-11e7-bb22-0768b8b9cb56] - Session.negotiatedCapabilities - {"browserName":"phantomjs","version":"2.1.1","driverName":"ghostdriver","driverVersion":"1.2.0","platform":"windows-10-32bit","javascriptEnabled":true,"takesScreenshot":true,"handlesAlerts":false,"databaseEnabled":false,"locationContextEnabled":false,"applicationCacheEnabled":false,"browserConnectionEnabled":false,"cssSelectorsEnabled":true,"webStorageEnabled":false,"rotatable":false,"acceptSslCerts":false,"nativeEvents":true,"proxy":{"proxyType":"direct"}}
[INFO  - 2017-09-13T14:47:47.651Z] SessionManagerReqHand - _postNewSessionCommand - New Session Created: 82466c70-9892-11e7-bb22-0768b8b9cb56
[ERROR - 2017-09-13T14:47:49.092Z] Session [82466c70-9892-11e7-bb22-0768b8b9cb56] - page.onError - msg: kg/search-suggest/6.2.11/theme/pailitao/index.css is not loaded! can not find module in path : https://g.alicdn.com/kg/??search-suggest/6.2.11/theme/pailitao/index-min.css

  phantomjs://platform/console++.js:263 in error
[ERROR - 2017-09-13T14:47:49.093Z] Session [82466c70-9892-11e7-bb22-0768b8b9cb56] - page.onError - stack:
  (anonymous function) (https://g.alicdn.com/??kissy/k/6.2.4/seed-min.js,kg/global-util/1.0.5/index-min.js,tb/tracker/4.0.1/p/index/index.js,kg/tb-nav/2.5.1/index-min.js,secdev/sufei_data/3.0.8/index.js:5)

  phantomjs://platform/console++.js:263 in error
[ERROR - 2017-09-13T14:47:49.107Z] Session [82466c70-9892-11e7-bb22-0768b8b9cb56] - page.onError - msg: kg/combobox/6.2.7/index is not loaded! can not find module in path : https://g.alicdn.com/kg/??combobox/6.2.7/index-min.js,search-suggest/6.2.11/mods/local-query-min.js,search-suggest/6.2.11/mods/menu-min.js,search-suggest/6.2.11/tpl/cloud-min.js,search-suggest/6.2.11/mods/bts-min.js,uploader/6.2.13/index-min.js,uploader/6.2.13/plugins/auth/auth-min.js,uploader/6.2.13/plugins/filedrop/filedrop-min.js,search-suggest/6.2.11/mods/stat-min.js,uploader/6.2.13/theme-min.js

  phantomjs://platform/console++.js:263 in error
[ERROR - 2017-09-13T14:47:49.107Z] Session [82466c70-9892-11e7-bb22-0768b8b9cb56] - page.onError - stack:
  (anonymous function) (https://g.alicdn.com/??kissy/k/6.2.4/seed-min.js,kg/global-util/1.0.5/index-min.js,tb/tracker/4.0.1/p/index/index.js,kg/tb-nav/2.5.1/index-min.js,secdev/sufei_data/3.0.8/index.js:5)

  phantomjs://platform/console++.js:263 in error
[ERROR - 2017-09-13T14:47:49.108Z] Session [82466c70-9892-11e7-bb22-0768b8b9cb56] - page.onError - msg: kg/search-suggest/6.2.11/mods/local-query is not loaded! can not find module in path : https://g.alicdn.com/kg/??combobox/6.2.7/index-min.js,search-suggest/6.2.11/mods/local-query-min.js,search-suggest/6.2.11/mods/menu-min.js,search-suggest/6.2.11/tpl/cloud-min.js,search-suggest/6.2.11/mods/bts-min.js,uploader/6.2.13/index-min.js,uploader/6.2.13/plugins/auth/auth-min.js,uploader/6.2.13/plugins/filedrop/filedrop-min.js,search-suggest/6.2.11/mods/stat-min.js,uploader/6.2.13/theme-min.js

  phantomjs://platform/console++.js:263 in error
[ERROR - 2017-09-13T14:47:49.108Z] Session [82466c70-9892-11e7-bb22-0768b8b9cb56] - page.onError - stack:
  (anonymous function) (https://g.alicdn.com/??kissy/k/6.2.4/seed-min.js,kg/global-util/1.0.5/index-min.js,tb/tracker/4.0.1/p/index/index.js,kg/tb-nav/2.5.1/index-min.js,secdev/sufei_data/3.0.8/index.js:5)

  phantomjs://platform/console++.js:263 in error
[ERROR - 2017-09-13T14:47:49.108Z] Session [82466c70-9892-11e7-bb22-0768b8b9cb56] - page.onError - msg: kg/search-suggest/6.2.11/mods/menu is not loaded! can not find module in path : https://g.alicdn.com/kg/??combobox/6.2.7/index-min.js,search-suggest/6.2.11/mods/local-query-min.js,search-suggest/6.2.11/mods/menu-min.js,search-suggest/6.2.11/tpl/cloud-min.js,search-suggest/6.2.11/mods/bts-min.js,uploader/6.2.13/index-min.js,uploader/6.2.13/plugins/auth/auth-min.js,uploader/6.2.13/plugins/filedrop/filedrop-min.js,search-suggest/6.2.11/mods/stat-min.js,uploader/6.2.13/theme-min.js

  phantomjs://platform/console++.js:263 in error
[ERROR - 2017-09-13T14:47:49.108Z] Session [82466c70-9892-11e7-bb22-0768b8b9cb56] - page.onError - stack:
  (anonymous function) (https://g.alicdn.com/??kissy/k/6.2.4/seed-min.js,kg/global-util/1.0.5/index-min.js,tb/tracker/4.0.1/p/index/index.js,kg/tb-nav/2.5.1/index-min.js,secdev/sufei_data/3.0.8/index.js:5)

  phantomjs://platform/console++.js:263 in error
[ERROR - 2017-09-13T14:47:49.108Z] Session [82466c70-9892-11e7-bb22-0768b8b9cb56] - page.onError - msg: kg/search-suggest/6.2.11/tpl/cloud is not loaded! can not find module in path : https://g.alicdn.com/kg/??combobox/6.2.7/index-min.js,search-suggest/6.2.11/mods/local-query-min.js,search-suggest/6.2.11/mods/menu-min.js,search-suggest/6.2.11/tpl/cloud-min.js,search-suggest/6.2.11/mods/bts-min.js,uploader/6.2.13/index-min.js,uploader/6.2.13/plugins/auth/auth-min.js,uploader/6.2.13/plugins/filedrop/filedrop-min.js,search-suggest/6.2.11/mods/stat-min.js,uploader/6.2.13/theme-min.js

  phantomjs://platform/console++.js:263 in error
[ERROR - 2017-09-13T14:47:49.108Z] Session [82466c70-9892-11e7-bb22-0768b8b9cb56] - page.onError - stack:
  (anonymous function) (https://g.alicdn.com/??kissy/k/6.2.4/seed-min.js,kg/global-util/1.0.5/index-min.js,tb/tracker/4.0.1/p/index/index.js,kg/tb-nav/2.5.1/index-min.js,secdev/sufei_data/3.0.8/index.js:5)

  phantomjs://platform/console++.js:263 in error
[ERROR - 2017-09-13T14:47:49.109Z] Session [82466c70-9892-11e7-bb22-0768b8b9cb56] - page.onError - msg: kg/search-suggest/6.2.11/mods/bts is not loaded! can not find module in path : https://g.alicdn.com/kg/??combobox/6.2.7/index-min.js,search-suggest/6.2.11/mods/local-query-min.js,search-suggest/6.2.11/mods/menu-min.js,search-suggest/6.2.11/tpl/cloud-min.js,search-suggest/6.2.11/mods/bts-min.js,uploader/6.2.13/index-min.js,uploader/6.2.13/plugins/auth/auth-min.js,uploader/6.2.13/plugins/filedrop/filedrop-min.js,search-suggest/6.2.11/mods/stat-min.js,uploader/6.2.13/theme-min.js

  phantomjs://platform/console++.js:263 in error
[ERROR - 2017-09-13T14:47:49.109Z] Session [82466c70-9892-11e7-bb22-0768b8b9cb56] - page.onError - stack:
  (anonymous function) (https://g.alicdn.com/??kissy/k/6.2.4/seed-min.js,kg/global-util/1.0.5/index-min.js,tb/tracker/4.0.1/p/index/index.js,kg/tb-nav/2.5.1/index-min.js,secdev/sufei_data/3.0.8/index.js:5)

  phantomjs://platform/console++.js:263 in error
[ERROR - 2017-09-13T14:47:49.109Z] Session [82466c70-9892-11e7-bb22-0768b8b9cb56] - page.onError - msg: kg/uploader/6.2.13/index is not loaded! can not find module in path : https://g.alicdn.com/kg/??combobox/6.2.7/index-min.js,search-suggest/6.2.11/mods/local-query-min.js,search-suggest/6.2.11/mods/menu-min.js,search-suggest/6.2.11/tpl/cloud-min.js,search-suggest/6.2.11/mods/bts-min.js,uploader/6.2.13/index-min.js,uploader/6.2.13/plugins/auth/auth-min.js,uploader/6.2.13/plugins/filedrop/filedrop-min.js,search-suggest/6.2.11/mods/stat-min.js,uploader/6.2.13/theme-min.js

  phantomjs://platform/console++.js:263 in error
[ERROR - 2017-09-13T14:47:49.109Z] Session [82466c70-9892-11e7-bb22-0768b8b9cb56] - page.onError - stack:
  (anonymous function) (https://g.alicdn.com/??kissy/k/6.2.4/seed-min.js,kg/global-util/1.0.5/index-min.js,tb/tracker/4.0.1/p/index/index.js,kg/tb-nav/2.5.1/index-min.js,secdev/sufei_data/3.0.8/index.js:5)

  phantomjs://platform/console++.js:263 in error
[ERROR - 2017-09-13T14:47:49.109Z] Session [82466c70-9892-11e7-bb22-0768b8b9cb56] - page.onError - msg: kg/uploader/6.2.13/plugins/auth/auth is not loaded! can not find module in path : https://g.alicdn.com/kg/??combobox/6.2.7/index-min.js,search-suggest/6.2.11/mods/local-query-min.js,search-suggest/6.2.11/mods/menu-min.js,search-suggest/6.2.11/tpl/cloud-min.js,search-suggest/6.2.11/mods/bts-min.js,uploader/6.2.13/index-min.js,uploader/6.2.13/plugins/auth/auth-min.js,uploader/6.2.13/plugins/filedrop/filedrop-min.js,search-suggest/6.2.11/mods/stat-min.js,uploader/6.2.13/theme-min.js

  phantomjs://platform/console++.js:263 in error
[ERROR - 2017-09-13T14:47:49.109Z] Session [82466c70-9892-11e7-bb22-0768b8b9cb56] - page.onError - stack:
  (anonymous function) (https://g.alicdn.com/??kissy/k/6.2.4/seed-min.js,kg/global-util/1.0.5/index-min.js,tb/tracker/4.0.1/p/index/index.js,kg/tb-nav/2.5.1/index-min.js,secdev/sufei_data/3.0.8/index.js:5)

  phantomjs://platform/console++.js:263 in error
[ERROR - 2017-09-13T14:47:49.110Z] Session [82466c70-9892-11e7-bb22-0768b8b9cb56] - page.onError - msg: kg/uploader/6.2.13/plugins/filedrop/filedrop is not loaded! can not find module in path : https://g.alicdn.com/kg/??combobox/6.2.7/index-min.js,search-suggest/6.2.11/mods/local-query-min.js,search-suggest/6.2.11/mods/menu-min.js,search-suggest/6.2.11/tpl/cloud-min.js,search-suggest/6.2.11/mods/bts-min.js,uploader/6.2.13/index-min.js,uploader/6.2.13/plugins/auth/auth-min.js,uploader/6.2.13/plugins/filedrop/filedrop-min.js,search-suggest/6.2.11/mods/stat-min.js,uploader/6.2.13/theme-min.js

  phantomjs://platform/console++.js:263 in error
[ERROR - 2017-09-13T14:47:49.110Z] Session [82466c70-9892-11e7-bb22-0768b8b9cb56] - page.onError - stack:
  (anonymous function) (https://g.alicdn.com/??kissy/k/6.2.4/seed-min.js,kg/global-util/1.0.5/index-min.js,tb/tracker/4.0.1/p/index/index.js,kg/tb-nav/2.5.1/index-min.js,secdev/sufei_data/3.0.8/index.js:5)

  phantomjs://platform/console++.js:263 in error
[ERROR - 2017-09-13T14:47:49.110Z] Session [82466c70-9892-11e7-bb22-0768b8b9cb56] - page.onError - msg: kg/search-suggest/6.2.11/mods/stat is not loaded! can not find module in path : https://g.alicdn.com/kg/??combobox/6.2.7/index-min.js,search-suggest/6.2.11/mods/local-query-min.js,search-suggest/6.2.11/mods/menu-min.js,search-suggest/6.2.11/tpl/cloud-min.js,search-suggest/6.2.11/mods/bts-min.js,uploader/6.2.13/index-min.js,uploader/6.2.13/plugins/auth/auth-min.js,uploader/6.2.13/plugins/filedrop/filedrop-min.js,search-suggest/6.2.11/mods/stat-min.js,uploader/6.2.13/theme-min.js

  phantomjs://platform/console++.js:263 in error
[ERROR - 2017-09-13T14:47:49.110Z] Session [82466c70-9892-11e7-bb22-0768b8b9cb56] - page.onError - stack:
  (anonymous function) (https://g.alicdn.com/??kissy/k/6.2.4/seed-min.js,kg/global-util/1.0.5/index-min.js,tb/tracker/4.0.1/p/index/index.js,kg/tb-nav/2.5.1/index-min.js,secdev/sufei_data/3.0.8/index.js:5)

  phantomjs://platform/console++.js:263 in error
[ERROR - 2017-09-13T14:47:49.110Z] Session [82466c70-9892-11e7-bb22-0768b8b9cb56] - page.onError - msg: kg/uploader/6.2.13/theme is not loaded! can not find module in path : https://g.alicdn.com/kg/??combobox/6.2.7/index-min.js,search-suggest/6.2.11/mods/local-query-min.js,search-suggest/6.2.11/mods/menu-min.js,search-suggest/6.2.11/tpl/cloud-min.js,search-suggest/6.2.11/mods/bts-min.js,uploader/6.2.13/index-min.js,uploader/6.2.13/plugins/auth/auth-min.js,uploader/6.2.13/plugins/filedrop/filedrop-min.js,search-suggest/6.2.11/mods/stat-min.js,uploader/6.2.13/theme-min.js

  phantomjs://platform/console++.js:263 in error
[ERROR - 2017-09-13T14:47:49.110Z] Session [82466c70-9892-11e7-bb22-0768b8b9cb56] - page.onError - stack:
  (anonymous function) (https://g.alicdn.com/??kissy/k/6.2.4/seed-min.js,kg/global-util/1.0.5/index-min.js,tb/tracker/4.0.1/p/index/index.js,kg/tb-nav/2.5.1/index-min.js,secdev/sufei_data/3.0.8/index.js:5)

  phantomjs://platform/console++.js:263 in error
